2024.10.26 11:12:58 WARN  Flyway upgrade recommended: H2 2.3.232 is newer than this version of Flyway and support has not been tested. The latest supported version of H2 is 2.2.224.[0m
2024.10.26 11:12:58 INFO  no build target found for /home/mishu/code/exercises/leetcode/LongestCommonSubsequence.scala. Using presentation compiler with project's scala-library version: 3.3.4[0m
2024.10.26 11:13:12 WARN  no build target for: /home/mishu/code/exercises/leetcode/LongestCommonSubsequence.scala[0m
2024.10.26 11:13:12 INFO  no build target found for /home/mishu/code/exercises/leetcode/LongestCommonSubsequence.scala. Using presentation compiler with project's scala-library version: 3.3.4[0m
2024.10.26 11:13:12 INFO  no build target found for /home/mishu/code/exercises/leetcode/LongestCommonSubsequence.scala. Using presentation compiler with project's scala-library version: 3.3.4[0m
2024.10.26 11:13:12 INFO  no build target found for /home/mishu/code/exercises/leetcode/LongestCommonSubsequence.scala. Using presentation compiler with project's scala-library version: 3.3.4[0m
2024.10.26 11:13:12 INFO  no build target found for /home/mishu/code/exercises/leetcode/LongestCommonSubsequence.scala. Using presentation compiler with project's scala-library version: 3.3.4[0m
2024.10.26 11:13:12 INFO  no build target found for /home/mishu/code/exercises/leetcode/LongestCommonSubsequence.scala. Using presentation compiler with project's scala-library version: 3.3.4[0m
2024.10.26 11:13:13 INFO  no build target found for /home/mishu/code/exercises/leetcode/LongestCommonSubsequence.scala. Using presentation compiler with project's scala-library version: 3.3.4[0m
2024.10.26 11:13:13 INFO  no build target found for /home/mishu/code/exercises/leetcode/LongestCommonSubsequence.scala. Using presentation compiler with project's scala-library version: 3.3.4[0m
2024.10.26 11:13:13 INFO  no build target found for /home/mishu/code/exercises/leetcode/LongestCommonSubsequence.scala. Using presentation compiler with project's scala-library version: 3.3.4[0m
2024.10.26 11:13:13 WARN  no build target for: /home/mishu/code/exercises/leetcode/LongestCommonSubsequence.scala[0m
2024.10.26 11:13:12 INFO  no build target found for /home/mishu/code/exercises/leetcode/LongestCommonSubsequence.scala. Using presentation compiler with project's scala-library version: 3.3.4[0m
2024.10.26 11:13:12 INFO  no build target found for /home/mishu/code/exercises/leetcode/LongestCommonSubsequence.scala. Using presentation compiler with project's scala-library version: 3.3.4[0m
2024.10.26 11:13:12 INFO  no build target found for /home/mishu/code/exercises/leetcode/LongestCommonSubsequence.scala. Using presentation compiler with project's scala-library version: 3.3.4[0m
2024.10.26 11:13:12 INFO  no build target found for /home/mishu/code/exercises/leetcode/LongestCommonSubsequence.scala. Using presentation compiler with project's scala-library version: 3.3.4[0m
2024.10.26 11:13:13 INFO  no build target found for /home/mishu/code/exercises/leetcode/LongestCommonSubsequence.scala. Using presentation compiler with project's scala-library version: 3.3.4[0m
2024.10.26 11:13:12 INFO  no build target found for /home/mishu/code/exercises/leetcode/LongestCommonSubsequence.scala. Using presentation compiler with project's scala-library version: 3.3.4[0m
Exception in thread "pool-5-thread-1" java.lang.InterruptedException
	at scala.meta.internal.metals.FutureCancelToken.checkCanceled(FutureCancelToken.scala:29)
	at scala.meta.internal.pc.CompilerAccess.onCompilerJobQueue$$anonfun$1(CompilerAccess.scala:244)
	at scala.meta.internal.pc.CompilerJobQueue$Job.run(CompilerJobQueue.scala:153)
	at java.base/java.util.concurrent.ThreadPoolExecutor.runWorker(ThreadPoolExecutor.java:1144)
	at java.base/java.util.concurrent.ThreadPoolExecutor$Worker.run(ThreadPoolExecutor.java:642)
	at java.base/java.lang.Thread.run(Thread.java:1583)
2024.10.26 11:13:12 INFO  no build target found for /home/mishu/code/exercises/leetcode/LongestCommonSubsequence.scala. Using presentation compiler with project's scala-library version: 3.3.4[0m
2024.10.26 11:13:13 INFO  no build target found for /home/mishu/code/exercises/leetcode/LongestCommonSubsequence.scala. Using presentation compiler with project's scala-library version: 3.3.4[0m
2024.10.26 11:13:13 INFO  no build target found for /home/mishu/code/exercises/leetcode/LongestCommonSubsequence.scala. Using presentation compiler with project's scala-library version: 3.3.4[0m
2024.10.26 11:13:14 INFO  no build target found for /home/mishu/code/exercises/leetcode/LongestCommonSubsequence.scala. Using presentation compiler with project's scala-library version: 3.3.4[0m
2024.10.26 11:13:14 WARN  no build target for: /home/mishu/code/exercises/leetcode/LongestCommonSubsequence.scala[0m
2024.10.26 11:13:14 INFO  no build target found for /home/mishu/code/exercises/leetcode/LongestCommonSubsequence.scala. Using presentation compiler with project's scala-library version: 3.3.4[0m
2024.10.26 11:13:13 INFO  no build target found for /home/mishu/code/exercises/leetcode/LongestCommonSubsequence.scala. Using presentation compiler with project's scala-library version: 3.3.4[0m
2024.10.26 11:13:13 INFO  no build target found for /home/mishu/code/exercises/leetcode/LongestCommonSubsequence.scala. Using presentation compiler with project's scala-library version: 3.3.4[0m
2024.10.26 11:13:14 INFO  no build target found for /home/mishu/code/exercises/leetcode/LongestCommonSubsequence.scala. Using presentation compiler with project's scala-library version: 3.3.4[0m
2024.10.26 11:13:13 INFO  no build target found for /home/mishu/code/exercises/leetcode/LongestCommonSubsequence.scala. Using presentation compiler with project's scala-library version: 3.3.4[0m
2024.10.26 11:13:14 INFO  no build target found for /home/mishu/code/exercises/leetcode/LongestCommonSubsequence.scala. Using presentation compiler with project's scala-library version: 3.3.4[0m
2024.10.26 11:13:14 INFO  no build target found for /home/mishu/code/exercises/leetcode/LongestCommonSubsequence.scala. Using presentation compiler with project's scala-library version: 3.3.4[0m
2024.10.26 11:13:13 WARN  no build target for: /home/mishu/code/exercises/leetcode/LongestCommonSubsequence.scala[0m
2024.10.26 11:13:14 INFO  no build target found for /home/mishu/code/exercises/leetcode/LongestCommonSubsequence.scala. Using presentation compiler with project's scala-library version: 3.3.4[0m
2024.10.26 11:13:13 INFO  no build target found for /home/mishu/code/exercises/leetcode/LongestCommonSubsequence.scala. Using presentation compiler with project's scala-library version: 3.3.4[0m
2024.10.26 11:13:14 INFO  no build target found for /home/mishu/code/exercises/leetcode/LongestCommonSubsequence.scala. Using presentation compiler with project's scala-library version: 3.3.4[0m
2024.10.26 11:13:14 INFO  Running List(/home/mishu/.sdkman/candidates/scalacli/current/bin/scala-cli, setup-ide, /home/mishu/code/exercises)[0m
2024.10.26 11:13:15 INFO  Attempting to connect to the build server...[0m
2024.10.26 11:13:15 INFO  Running BSP server List(/home/mishu/.sdkman/candidates/scalacli/current/bin/scala-cli, bsp, --json-options, /home/mishu/code/exercises/.scala-build/ide-options-v2.json, --json-launcher-options, /home/mishu/code/exercises/.scala-build/ide-launcher-options.json, --envs-file, /home/mishu/code/exercises/.scala-build/ide-envs.json, /home/mishu/code/exercises)[0m
2024.10.26 11:13:14 INFO  tracing is disabled for protocol BSP, to enable tracing of incoming and outgoing JSON messages create an empty file at /home/mishu/code/exercises/.metals/bsp.trace.json or /home/mishu/.cache/metals/bsp.trace.json[0m
2024.10.26 11:13:15 INFO  BSP server: Downloading https://repo1.maven.org/maven2/ch/epfl/scala/bloop-frontend_2.12/2.0.2/bloop-frontend_2.12-2.0.2.pom[0m
